2023-05-06 21:52:41,823 - INFO - __main__ - step:0 | loss: 42.037548828125 | step/s: 0.0
2023-05-06 21:53:46,360 - INFO - __main__ - step:200 | loss: 208.60623928717848 | step/s: 3.0730987941265764
2023-05-06 21:54:56,356 - INFO - __main__ - step:400 | loss: 352.4332532702873 | step/s: 2.9612753481959238
2023-05-06 21:56:03,854 - INFO - __main__ - step:600 | loss: 381.0868993674288 | step/s: 2.961865204475335
2023-05-06 21:57:14,632 - INFO - __main__ - step:800 | loss: 339.1773763065024 | step/s: 2.926616403073932
2023-05-06 21:58:27,524 - INFO - __main__ - step:1000 | loss: 237.35255274983822 | step/s: 2.888123043490102
2023-05-06 21:59:36,172 - INFO - __main__ - step:1200 | loss: 202.03060080772863 | step/s: 2.8923092437571887
2023-05-06 22:00:39,131 - INFO - __main__ - step:1400 | loss: 140.23927481651307 | step/s: 2.929774282202418
2023-05-06 22:01:48,291 - INFO - __main__ - step:1600 | loss: 155.7854693132636 | step/s: 2.924979884647798
2023-05-06 22:02:52,876 - INFO - __main__ - step:1800 | loss: 129.9715005847672 | step/s: 2.9431151908175344
2023-05-06 22:04:00,637 - INFO - __main__ - step:2000 | loss: 101.95119747227058 | step/s: 2.943953750781258
2023-05-06 22:05:08,562 - INFO - __main__ - step:2200 | loss: 81.03238653160632 | step/s: 2.9439959336774915
2023-05-06 22:06:14,117 - INFO - __main__ - step:2400 | loss: 88.38655498274485 | step/s: 2.952617667140054
2023-05-06 22:07:21,735 - INFO - __main__ - step:2600 | loss: 96.3664690285921 | step/s: 2.9530158967472158
2023-05-06 22:08:30,919 - INFO - __main__ - step:2800 | loss: 88.8777625465393 | step/s: 2.948485655770329
2023-05-06 22:09:34,183 - INFO - __main__ - step:3000 | loss: 73.45639267385006 | step/s: 2.9617799918241166
2023-05-06 22:10:45,730 - INFO - __main__ - step:3200 | loss: 86.85052350027486 | step/s: 2.950801995895753
2023-05-06 22:11:53,132 - INFO - __main__ - step:3400 | loss: 83.58917351484298 | step/s: 2.9517654317985857
2023-05-06 22:12:59,624 - INFO - __main__ - step:3600 | loss: 85.95356890112161 | step/s: 2.9548273870284647
2023-05-06 22:14:05,935 - INFO - __main__ - step:3800 | loss: 85.22721240293235 | step/s: 2.95798904509991
2023-05-06 22:15:12,758 - INFO - __main__ - step:4000 | loss: 105.89325784345623 | step/s: 2.95971926756099
2023-05-06 22:16:17,770 - INFO - __main__ - step:4200 | loss: 84.44678473949432 | step/s: 2.9650730041250335
2023-05-06 22:17:28,463 - INFO - __main__ - step:4400 | loss: 82.3149432528019 | step/s: 2.95861047903434
2023-05-06 22:18:34,649 - INFO - __main__ - step:4600 | loss: 78.6578351199627 | step/s: 2.961302914710254
2023-05-06 22:19:41,599 - INFO - __main__ - step:4800 | loss: 79.68127368152142 | step/s: 2.9623773417349404
2023-05-06 22:20:55,998 - INFO - __main__ - step:5000 | loss: 79.08633344739675 | step/s: 2.950341129690108
2023-05-06 22:22:01,765 - INFO - __main__ - step:5200 | loss: 81.11847006797791 | step/s: 2.953729990237834
2023-05-06 22:23:11,772 - INFO - __main__ - step:5400 | loss: 86.22754566401244 | step/s: 2.9500252617298246
2023-05-06 22:24:17,707 - INFO - __main__ - step:5600 | loss: 68.88245139122009 | step/s: 2.9529202862214032
2023-05-06 22:25:22,547 - INFO - __main__ - step:5800 | loss: 62.723275555968286 | step/s: 2.9572697723436616
2023-05-06 22:26:31,618 - INFO - __main__ - step:6000 | loss: 72.65280905127526 | step/s: 2.9551716532659897
2023-05-06 22:27:41,491 - INFO - __main__ - step:6200 | loss: 69.95255697989603 | step/s: 2.9520828248203554
2023-05-06 22:28:47,080 - INFO - __main__ - step:6400 | loss: 66.93768460184336 | step/s: 2.9550263919708506
2023-05-06 22:29:56,358 - INFO - __main__ - step:6600 | loss: 77.61095695912837 | step/s: 2.9529148627205752
2023-05-06 22:31:01,709 - INFO - __main__ - step:6800 | loss: 66.3099321937561 | step/s: 2.955968359647584
2023-05-06 22:32:06,942 - INFO - __main__ - step:7000 | loss: 66.73709756970406 | step/s: 2.9590014900018287
2023-05-06 22:33:12,970 - INFO - __main__ - step:7200 | loss: 72.89026960134507 | step/s: 2.960901989099309
2023-05-06 22:34:22,458 - INFO - __main__ - step:7400 | loss: 64.76323002249002 | step/s: 2.9586041059135
2023-05-06 22:35:25,856 - INFO - __main__ - step:7600 | loss: 63.27670436441898 | step/s: 2.963451453626649
2023-05-06 22:36:31,694 - INFO - __main__ - step:7800 | loss: 57.65547671318054 | step/s: 2.9653117866084564
2023-05-06 22:37:35,617 - INFO - __main__ - step:8000 | loss: 54.797395619899035 | step/s: 2.969189268744724
2023-05-06 22:38:46,262 - INFO - __main__ - step:8200 | loss: 60.089680079566314 | step/s: 2.965660206602556
2023-05-06 22:39:53,080 - INFO - __main__ - step:8400 | loss: 54.59051662631333 | step/s: 2.9663095438994067
2023-05-06 22:41:02,216 - INFO - __main__ - step:8600 | loss: 66.83583942234516 | step/s: 2.9645594811478606
2023-05-06 22:42:08,109 - INFO - __main__ - step:8800 | loss: 61.16134655833244 | step/s: 2.9661285182159967
2023-05-06 22:43:16,250 - INFO - __main__ - step:9000 | loss: 64.54498969160021 | step/s: 2.9654314541752824
2023-05-06 22:44:18,950 - INFO - __main__ - step:9200 | loss: 49.10753287672996 | step/s: 2.9699726030156604
2023-05-06 22:45:29,112 - INFO - __main__ - step:9400 | loss: 55.58615356266498 | step/s: 2.967328060265819
2023-05-06 22:46:35,730 - INFO - __main__ - step:9600 | loss: 53.17094210445881 | step/s: 2.9680462740833073
2023-05-06 22:47:43,894 - INFO - __main__ - step:9800 | loss: 52.87486239366233 | step/s: 2.9673456772291917
2023-05-06 22:48:46,795 - INFO - __main__ - step:10000 | loss: 51.23034190744161 | step/s: 2.97131244674556
2023-05-06 22:49:57,174 - INFO - __main__ - step:10200 | loss: 56.56382347732782 | step/s: 2.9686588013048754
2023-05-06 22:51:01,607 - INFO - __main__ - step:10400 | loss: 50.99163705214858 | step/s: 2.9711498747374594
2023-05-06 22:52:10,878 - INFO - __main__ - step:10600 | loss: 51.421478256583214 | step/s: 2.9695207997267423
2023-05-06 22:53:15,652 - INFO - __main__ - step:10800 | loss: 49.595060394927856 | step/s: 2.9716269064022134
2023-05-06 22:54:21,880 - INFO - __main__ - step:11000 | loss: 49.67553834825754 | step/s: 2.97248957877854
2023-05-06 22:55:30,013 - INFO - __main__ - step:11200 | loss: 39.662226119339465 | step/s: 2.971819750782077
2023-05-06 22:56:35,048 - INFO - __main__ - step:11400 | loss: 45.494714085385205 | step/s: 2.9735747188363804
2023-05-06 22:57:32,176 - INFO - __main__ - step:11600 | loss: 48.5819818598032 | step/s: 2.9813177644996984
2023-05-06 22:58:40,132 - INFO - __main__ - step:11800 | loss: 56.24688193440437 | step/s: 2.9806610396299176
2023-05-06 22:59:47,364 - INFO - __main__ - step:12000 | loss: 57.05707733482122 | step/s: 2.980562637238575
2023-05-06 23:00:51,993 - INFO - __main__ - step:12200 | loss: 49.329927375353876 | step/s: 2.9823644278893475
2023-05-06 23:02:02,135 - INFO - __main__ - step:12400 | loss: 50.065036915540695 | step/s: 2.980155976685539
2023-05-06 23:03:07,419 - INFO - __main__ - step:12600 | loss: 45.76212380670011 | step/s: 2.9814440125581996
2023-05-06 23:04:16,897 - INFO - __main__ - step:12800 | loss: 47.84354899942875 | step/s: 2.9797805988602417
2023-05-06 23:05:24,510 - INFO - __main__ - step:13000 | loss: 44.79633807754144 | step/s: 2.9794433934640994
2023-05-06 23:06:37,603 - INFO - __main__ - step:13200 | loss: 45.927882239855826 | step/s: 2.9754360273904146
2023-05-06 23:07:40,968 - INFO - __main__ - step:13400 | loss: 40.449261626005175 | step/s: 2.97798326045425
2023-05-06 23:08:46,138 - INFO - __main__ - step:13600 | loss: 44.299437526986004 | step/s: 2.97928149316086
2023-05-06 23:09:48,956 - INFO - __main__ - step:13800 | loss: 38.717277921140195 | step/s: 2.9820574410558462
2023-05-06 23:10:54,314 - INFO - __main__ - step:14000 | loss: 45.34733331538737 | step/s: 2.9831437604837507
2023-05-06 23:12:02,270 - INFO - __main__ - step:14200 | loss: 51.15531423052773 | step/s: 2.98257194004672
2023-05-06 23:13:05,210 - INFO - __main__ - step:14400 | loss: 40.1415259963274 | step/s: 2.9851170585815603
2023-05-06 23:14:06,161 - INFO - __main__ - step:14600 | loss: 34.67704175524413 | step/s: 2.988812779282363
2023-05-06 23:15:10,271 - INFO - __main__ - step:14800 | loss: 35.324477747963975 | step/s: 2.9905077790037997
2023-05-06 23:16:14,949 - INFO - __main__ - step:15000 | loss: 40.5602364309784 | step/s: 2.9918202045905278
2023-05-06 23:17:21,416 - INFO - __main__ - step:15200 | loss: 35.33655202977359 | step/s: 2.9920454363065296
2023-05-06 23:18:28,935 - INFO - __main__ - step:15400 | loss: 37.48649404920638 | step/s: 2.9916526674359716
2023-05-06 23:19:36,556 - INFO - __main__ - step:15600 | loss: 47.77833450380713 | step/s: 2.9912119129048813
2023-05-06 23:20:43,442 - INFO - __main__ - step:15800 | loss: 37.22273652210831 | step/s: 2.991198667225066
2023-05-06 23:21:50,341 - INFO - __main__ - step:16000 | loss: 41.560072099864485 | step/s: 2.9911785074825605
2023-05-06 23:22:58,964 - INFO - __main__ - step:16200 | loss: 38.973355634212496 | step/s: 2.9902069888371163
2023-05-06 23:24:01,984 - INFO - __main__ - step:16400 | loss: 39.3665324194578 | step/s: 2.9923155876592626
2023-05-06 23:25:10,602 - INFO - __main__ - step:16600 | loss: 36.59255953848362 | step/s: 2.9913558748238738
2023-05-06 23:26:16,734 - INFO - __main__ - step:16800 | loss: 35.87983575145656 | step/s: 2.9917429283062216
2023-05-06 23:27:23,385 - INFO - __main__ - step:17000 | loss: 38.059228483140465 | step/s: 2.991848447212953
2023-05-06 23:28:27,461 - INFO - __main__ - step:17200 | loss: 32.87015447586775 | step/s: 2.9932919115685164
2023-05-06 23:29:35,810 - INFO - __main__ - step:17400 | loss: 34.36336643591523 | step/s: 2.992502507777665
2023-05-06 23:30:40,873 - INFO - __main__ - step:17600 | loss: 33.590242783240974 | step/s: 2.9934039752591675
2023-05-06 23:31:42,471 - INFO - __main__ - step:17800 | loss: 35.04935518234968 | step/s: 2.9960318407228415
2023-05-06 23:32:48,854 - INFO - __main__ - step:18000 | loss: 37.8677169110626 | step/s: 2.9962172694823996
2023-05-06 23:33:59,218 - INFO - __main__ - step:18200 | loss: 35.431170621737834 | step/s: 2.994435890589284
2023-05-06 23:35:02,105 - INFO - __main__ - step:18400 | loss: 25.685432122945784 | step/s: 2.996339586204437
2023-05-06 23:36:12,019 - INFO - __main__ - step:18600 | loss: 32.723469110429285 | step/s: 2.9948118799094936
2023-05-06 23:37:12,434 - INFO - __main__ - step:18800 | loss: 30.060929601192473 | step/s: 2.9978528170232623
2023-05-06 23:38:18,103 - INFO - __main__ - step:19000 | loss: 33.52449728608131 | step/s: 2.998347188785606
2023-05-06 23:39:26,124 - INFO - __main__ - step:19200 | loss: 31.652804195941425 | step/s: 2.9977302758420032
2023-05-06 23:40:30,709 - INFO - __main__ - step:19400 | loss: 32.27129816642031 | step/s: 2.9987186241421404
2023-05-06 23:41:36,553 - INFO - __main__ - step:19600 | loss: 35.89975155505352 | step/s: 2.9991091949415662
2023-05-06 23:42:40,109 - INFO - __main__ - step:19800 | loss: 28.949383600354196 | step/s: 3.000531716612298
2023-05-06 23:43:46,318 - INFO - __main__ - step:20000 | loss: 34.11722087740898 | step/s: 3.000732376927119
2023-05-06 23:44:56,634 - INFO - __main__ - step:20200 | loss: 33.89112448342144 | step/s: 2.9990995851094664
2023-05-06 23:46:07,045 - INFO - __main__ - step:20400 | loss: 34.91746837768704 | step/s: 2.9974581158531843
2023-05-06 23:47:11,224 - INFO - __main__ - step:20600 | loss: 26.75861463587731 | step/s: 2.998568144088839
2023-05-06 23:48:16,971 - INFO - __main__ - step:20800 | loss: 26.23062088765204 | step/s: 2.998979604726988
2023-05-06 23:49:25,374 - INFO - __main__ - step:21000 | loss: 25.725414453484117 | step/s: 2.9982458331692134
2023-05-06 23:50:29,478 - INFO - __main__ - step:21200 | loss: 29.832632808685304 | step/s: 2.9993493917411604
2023-05-06 23:51:35,419 - INFO - __main__ - step:21400 | loss: 31.14190568009042 | step/s: 2.999660613153643
2023-05-06 23:52:36,012 - INFO - __main__ - step:21600 | loss: 24.897756976783274 | step/s: 3.0021959314244406
2023-05-06 23:53:40,282 - INFO - __main__ - step:21800 | loss: 30.695491739008574 | step/s: 3.00316731155187
2023-05-06 23:54:44,880 - INFO - __main__ - step:22000 | loss: 23.422309214174746 | step/s: 3.003986540160649
2023-05-06 23:55:52,473 - INFO - __main__ - step:22200 | loss: 28.552563222050665 | step/s: 3.0035741031849
2023-05-06 23:56:57,913 - INFO - __main__ - step:22400 | loss: 24.86749369829893 | step/s: 3.0040362944500694
2023-05-06 23:58:05,412 - INFO - __main__ - step:22600 | loss: 25.280180150321684 | step/s: 3.003668295974996
2023-05-06 23:59:12,608 - INFO - __main__ - step:22800 | loss: 28.12988351030275 | step/s: 3.0034264283193615
2023-05-07 00:00:16,614 - INFO - __main__ - step:23000 | loss: 27.168307064524853 | step/s: 3.004440600855809
2023-05-07 00:01:22,809 - INFO - __main__ - step:23200 | loss: 27.79613055113703 | step/s: 3.0045856795330144
2023-05-07 00:02:29,656 - INFO - __main__ - step:23400 | loss: 31.27542918086052 | step/s: 3.0044769068779584
2023-05-07 00:03:36,952 - INFO - __main__ - step:23600 | loss: 26.380427380735053 | step/s: 3.0041981271119624
2023-05-07 00:04:46,208 - INFO - __main__ - step:23800 | loss: 25.289630368761717 | step/s: 3.003181326140549
2023-05-07 00:05:51,526 - INFO - __main__ - step:24000 | loss: 23.386866305868754 | step/s: 3.003661808775027
2023-05-07 00:06:59,771 - INFO - __main__ - step:24200 | loss: 26.472522388026118 | step/s: 3.0030432795416715
2023-05-07 00:08:01,841 - INFO - __main__ - step:24400 | loss: 21.269350270330907 | step/s: 3.0047180545064363
2023-05-07 00:09:08,175 - INFO - __main__ - step:24600 | loss: 24.64178722202778 | step/s: 3.0048015987904284
2023-05-07 00:10:07,334 - INFO - __main__ - step:24800 | loss: 20.804109961895737 | step/s: 3.007498763685238
2023-05-07 00:11:15,038 - INFO - __main__ - step:25000 | loss: 22.50983748944593 | step/s: 3.0070631751317065
2023-05-07 00:12:22,651 - INFO - __main__ - step:25200 | loss: 22.976512057110668 | step/s: 3.0066676746613403
2023-05-07 00:13:28,051 - INFO - __main__ - step:25400 | loss: 28.56407409250736 | step/s: 3.007065955946385
2023-05-07 00:14:34,774 - INFO - __main__ - step:25600 | loss: 20.208953124433755 | step/s: 3.0069906753833195
2023-05-07 00:15:41,444 - INFO - __main__ - step:25800 | loss: 21.09299061127007 | step/s: 3.006935197205119
2023-05-07 00:16:47,261 - INFO - __main__ - step:26000 | loss: 21.45518092896178 | step/s: 3.0071771319526706
2023-05-07 00:17:54,153 - INFO - __main__ - step:26200 | loss: 30.06535198164638 | step/s: 3.007044322398808
2023-05-07 00:18:56,188 - INFO - __main__ - step:26400 | loss: 21.259921830508684 | step/s: 3.00857827559357
2023-05-07 00:20:05,819 - INFO - __main__ - step:26600 | loss: 22.377932990712107 | step/s: 3.007505067295816
2023-05-07 00:21:08,604 - INFO - __main__ - step:26800 | loss: 21.2565590281412 | step/s: 3.0087595614836133
2023-05-07 00:22:13,639 - INFO - __main__ - step:27000 | loss: 21.307064022272826 | step/s: 3.0092415557776873
2023-05-07 00:23:18,969 - INFO - __main__ - step:27200 | loss: 22.22107654643478 | step/s: 3.009618614071612
2023-05-07 00:24:23,895 - INFO - __main__ - step:27400 | loss: 19.173350787908422 | step/s: 3.0101234496163336
2023-05-07 00:25:31,806 - INFO - __main__ - step:27600 | loss: 21.469216794455424 | step/s: 3.0096416960063657
2023-05-07 00:26:39,575 - INFO - __main__ - step:27800 | loss: 20.052759874695912 | step/s: 3.0092129167569617
2023-05-07 00:27:43,979 - INFO - __main__ - step:28000 | loss: 17.939197516217828 | step/s: 3.009878693606484
2023-05-07 00:28:50,893 - INFO - __main__ - step:28200 | loss: 20.02488208332332 | step/s: 3.0097289192504304
2023-05-07 00:29:50,902 - INFO - __main__ - step:28400 | loss: 21.004887695735814 | step/s: 3.011785278647643
2023-05-07 00:30:58,372 - INFO - __main__ - step:28600 | loss: 24.819510576424655 | step/s: 3.0114478244370346
2023-05-07 00:32:04,206 - INFO - __main__ - step:28800 | loss: 19.885011479081587 | step/s: 3.0116300281295665
2023-05-07 00:33:12,504 - INFO - __main__ - step:29000 | loss: 18.689498169138098 | step/s: 3.011039441040022
2023-05-07 00:34:17,813 - INFO - __main__ - step:29200 | loss: 16.186338058467953 | step/s: 3.0113852954089815
2023-05-07 00:35:26,052 - INFO - __main__ - step:29400 | loss: 20.76606949236244 | step/s: 3.010822726405182
2023-05-07 00:36:36,333 - INFO - __main__ - step:29600 | loss: 23.71297681877739 | step/s: 3.009642692514607
2023-05-07 00:37:37,578 - INFO - __main__ - step:29800 | loss: 18.300050623118878 | step/s: 3.011226537886459
2023-05-07 00:38:45,467 - INFO - __main__ - step:30000 | loss: 18.025818179016934 | step/s: 3.0107822750839497
2023-05-07 00:39:53,132 - INFO - __main__ - step:30200 | loss: 22.452761726773716 | step/s: 3.010410958237329
2023-05-07 00:40:55,923 - INFO - __main__ - step:30400 | loss: 20.392160653338777 | step/s: 3.0114979414591243
2023-05-07 00:42:01,058 - INFO - __main__ - step:30600 | loss: 23.752567095514387 | step/s: 3.011876504845341
2023-05-07 00:43:07,169 - INFO - __main__ - step:30800 | loss: 17.24773279853165 | step/s: 3.011962716431069
2023-05-07 00:44:12,998 - INFO - __main__ - step:31000 | loss: 15.82200004702434 | step/s: 3.01213036704028
2023-05-07 00:45:16,079 - INFO - __main__ - step:31200 | loss: 17.8359046257101 | step/s: 3.0130951572584586
2023-05-07 00:46:26,077 - INFO - __main__ - step:31400 | loss: 22.329937259070576 | step/s: 3.01204874739038
2023-05-07 00:47:37,527 - INFO - __main__ - step:31600 | loss: 21.319266914892943 | step/s: 3.0105993982772605
2023-05-07 00:48:44,949 - INFO - __main__ - step:31800 | loss: 15.461947348383255 | step/s: 3.010317319737671
2023-05-07 00:49:43,988 - INFO - __main__ - step:32000 | loss: 15.83785136352948 | step/s: 3.012414080159318
2023-05-07 00:50:48,637 - INFO - __main__ - step:32200 | loss: 15.987528182938695 | step/s: 3.012905388850621
2023-05-07 00:51:50,880 - INFO - __main__ - step:32400 | loss: 18.40735345505178 | step/s: 3.0140653130500707
2023-05-07 00:52:57,449 - INFO - __main__ - step:32600 | loss: 21.126869256049396 | step/s: 3.01400578219083
2023-05-07 00:54:05,874 - INFO - __main__ - step:32800 | loss: 15.487467570565641 | step/s: 3.0134331582987617
2023-05-07 00:55:14,166 - INFO - __main__ - step:33000 | loss: 15.909503834252464 | step/s: 3.0129042395794148
2023-05-07 00:56:23,156 - INFO - __main__ - step:33200 | loss: 15.802975595667958 | step/s: 3.012191183634037
2023-05-07 00:57:26,818 - INFO - __main__ - step:33400 | loss: 14.596521850368008 | step/s: 3.0129341812456003
2023-05-07 00:58:34,605 - INFO - __main__ - step:33600 | loss: 14.972191915739096 | step/s: 3.0125541494903407
2023-05-07 00:59:38,845 - INFO - __main__ - step:33800 | loss: 16.572002453172683 | step/s: 3.013131291398222
2023-05-07 01:00:45,490 - INFO - __main__ - step:34000 | loss: 16.99271814195439 | step/s: 3.0130595263196405
2023-05-07 01:01:51,254 - INFO - __main__ - step:34200 | loss: 16.147128500251565 | step/s: 3.0132224292695176
2023-05-07 01:02:53,470 - INFO - __main__ - step:34400 | loss: 17.891795153403656 | step/s: 3.014320348000243
2023-05-07 01:04:03,579 - INFO - __main__ - step:34600 | loss: 14.591763524588314 | step/s: 3.01333353054878
2023-05-07 01:05:05,146 - INFO - __main__ - step:34800 | loss: 12.992231562752277 | step/s: 3.0145875646988154
2023-05-07 01:06:09,215 - INFO - __main__ - step:35000 | loss: 14.54041953228414 | step/s: 3.015178511822756
2023-05-07 01:07:13,003 - INFO - __main__ - step:35200 | loss: 16.441789325316496 | step/s: 3.0158355106392523
2023-05-07 01:08:18,888 - INFO - __main__ - step:35400 | loss: 16.947903720091855 | step/s: 3.015946337395842
2023-05-07 01:09:25,412 - INFO - __main__ - step:35600 | loss: 15.505184000292793 | step/s: 3.015892665193641
2023-05-07 01:10:28,217 - INFO - __main__ - step:35800 | loss: 16.536393434563653 | step/s: 3.016784902808776
2023-05-07 01:11:31,567 - INFO - __main__ - step:36000 | loss: 14.277683725473471 | step/s: 3.0175297971991197
2023-05-07 01:12:39,485 - INFO - __main__ - step:36200 | loss: 16.925450900461293 | step/s: 3.0171175766992193
2023-05-07 01:13:42,988 - INFO - __main__ - step:36400 | loss: 12.360090127261355 | step/s: 3.017814503087634
2023-05-07 01:14:47,886 - INFO - __main__ - step:36600 | loss: 17.33091690526326 | step/s: 3.018156691798633
2023-05-07 01:15:55,052 - INFO - __main__ - step:36800 | loss: 14.583740426134318 | step/s: 3.0179338652671617
2023-05-07 01:16:58,083 - INFO - __main__ - step:37000 | loss: 14.835531592361221 | step/s: 3.0187314453354466
2023-05-07 01:17:58,250 - INFO - __main__ - step:37200 | loss: 10.41369162899732 | step/s: 3.0202230288075254
2023-05-07 01:19:04,176 - INFO - __main__ - step:37400 | loss: 14.08650057161227 | step/s: 3.0202947249756926
2023-05-07 01:20:09,268 - INFO - __main__ - step:37600 | loss: 14.491933300296077 | step/s: 3.0205681401362745
2023-05-07 01:21:17,073 - INFO - __main__ - step:37800 | loss: 17.794455715455115 | step/s: 3.0201838004004546
2023-05-07 01:22:22,980 - INFO - __main__ - step:38000 | loss: 13.86859415746294 | step/s: 3.0202592802467807
2023-05-07 01:23:26,053 - INFO - __main__ - step:38200 | loss: 13.480431393252802 | step/s: 3.021010814865263
2023-05-07 01:24:29,631 - INFO - __main__ - step:38400 | loss: 16.436953302919864 | step/s: 3.021634858422156
2023-05-07 01:25:33,914 - INFO - __main__ - step:38600 | loss: 11.684827269251882 | step/s: 3.022085808593511
2023-05-07 01:26:39,155 - INFO - __main__ - step:38800 | loss: 14.74368402176492 | step/s: 3.022306783059107
2023-05-07 01:27:46,643 - INFO - __main__ - step:39000 | loss: 14.472833094404741 | step/s: 3.0219990498544558
2023-05-07 01:28:50,970 - INFO - __main__ - step:39200 | loss: 14.771938693483825 | step/s: 3.0224313109348415
2023-05-07 01:29:57,178 - INFO - __main__ - step:39400 | loss: 11.936662721901655 | step/s: 3.0224229076592497
2023-05-07 01:31:01,734 - INFO - __main__ - step:39600 | loss: 14.530459753731266 | step/s: 3.0227957477256733
2023-05-07 01:32:05,806 - INFO - __main__ - step:39800 | loss: 13.685647246470907 | step/s: 3.0232761428503196
2023-05-07 01:33:07,052 - INFO - __main__ - step:40000 | loss: 10.501808206168352 | step/s: 3.024397759677495
2023-05-07 01:34:12,737 - INFO - __main__ - step:40200 | loss: 11.553682450565312 | step/s: 3.024498852800467
2023-05-07 01:35:23,070 - INFO - __main__ - step:40400 | loss: 14.240586765187327 | step/s: 3.0235468158285346
2023-05-07 01:36:31,104 - INFO - __main__ - step:40600 | loss: 13.917653679889044 | step/s: 3.023121943985782
2023-05-07 01:37:32,915 - INFO - __main__ - step:40800 | loss: 15.551442549888165 | step/s: 3.0240957869834815
2023-05-07 01:38:39,199 - INFO - __main__ - step:41000 | loss: 11.113556346919859 | step/s: 3.0240626189857847
2023-05-07 01:39:41,400 - INFO - __main__ - step:41200 | loss: 12.63144079199963 | step/s: 3.024936388005281
2023-05-07 01:40:47,670 - INFO - __main__ - step:41400 | loss: 15.35216668450972 | step/s: 3.0249024713415733
2023-05-07 01:41:50,425 - INFO - __main__ - step:41600 | loss: 13.83067343486473 | step/s: 3.025642395177475
2023-05-07 01:42:52,978 - INFO - __main__ - step:41800 | loss: 10.031554285113234 | step/s: 3.0264197761588743
2023-05-07 01:43:57,847 - INFO - __main__ - step:42000 | loss: 11.485271431691945 | step/s: 3.026684942477195
2023-05-07 01:45:00,690 - INFO - __main__ - step:42200 | loss: 13.45131870049052 | step/s: 3.0273876232153283
2023-05-07 01:46:03,205 - INFO - __main__ - step:42400 | loss: 12.09130909194122 | step/s: 3.0281547556747728
2023-05-07 01:47:07,875 - INFO - __main__ - step:42600 | loss: 11.42122711767654 | step/s: 3.0284512744618817
2023-05-07 01:48:10,664 - INFO - __main__ - step:42800 | loss: 14.018702318556564 | step/s: 3.029148171465226
2023-05-07 01:49:16,906 - INFO - __main__ - step:43000 | loss: 14.051793493181467 | step/s: 3.0291017936347524
2023-05-07 01:50:18,327 - INFO - __main__ - step:43200 | loss: 11.230842682377842 | step/s: 3.0300801460945834
2023-05-07 01:51:28,319 - INFO - __main__ - step:43400 | loss: 13.011973609060515 | step/s: 3.029236883612596
2023-05-07 01:52:34,964 - INFO - __main__ - step:43600 | loss: 11.031931053204461 | step/s: 3.0291062057914995
2023-05-07 01:53:33,476 - INFO - __main__ - step:43800 | loss: 9.148555440828202 | step/s: 3.030680942548463
2023-05-07 01:54:36,338 - INFO - __main__ - step:44000 | loss: 12.634234095175053 | step/s: 3.0313344613994535
2023-05-07 01:55:42,219 - INFO - __main__ - step:44200 | loss: 10.860278644725913 | step/s: 3.0313545116918306
2023-05-07 01:56:44,211 - INFO - __main__ - step:44400 | loss: 11.83437177267042 | step/s: 3.032179522132675
2023-05-07 01:57:51,692 - INFO - __main__ - step:44600 | loss: 17.071125765028555 | step/s: 3.031865858016499
2023-05-07 01:58:55,991 - INFO - __main__ - step:44800 | loss: 12.861051001753658 | step/s: 3.0322079771710757
2023-05-07 02:00:03,855 - INFO - __main__ - step:45000 | loss: 11.040617978740483 | step/s: 3.03181868408517
2023-05-07 02:01:09,865 - INFO - __main__ - step:45200 | loss: 13.272058687110512 | step/s: 3.0318098815137704
2023-05-07 02:02:17,476 - INFO - __main__ - step:45400 | loss: 11.842356952740811 | step/s: 3.0314772532441467
2023-05-07 02:03:24,887 - INFO - __main__ - step:45600 | loss: 10.74989710230613 | step/s: 3.0311876994101152
2023-05-07 02:04:26,123 - INFO - __main__ - step:45800 | loss: 13.66228007868781 | step/s: 3.032139932715553
2023-05-07 02:05:32,433 - INFO - __main__ - step:46000 | loss: 12.724266980199609 | step/s: 3.0320699860714115
2023-05-07 02:06:32,058 - INFO - __main__ - step:46200 | loss: 9.742083349213935 | step/s: 3.033331347674809
2023-05-07 02:07:35,753 - INFO - __main__ - step:46400 | loss: 19.445508465085876 | step/s: 3.0337754398312105
2023-05-07 02:08:42,155 - INFO - __main__ - step:46600 | loss: 13.667389914889082 | step/s: 3.0336810352318127
2023-05-07 02:09:49,270 - INFO - __main__ - step:46800 | loss: 12.394373178161914 | step/s: 3.0334473748046062
2023-05-07 02:10:51,148 - INFO - __main__ - step:47000 | loss: 13.792335626948624 | step/s: 3.034241260847871
2023-05-07 02:11:56,938 - INFO - __main__ - step:47200 | loss: 11.244515434617602 | step/s: 3.0342654377971456
2023-05-07 02:13:00,717 - INFO - __main__ - step:47400 | loss: 13.550417135648452 | step/s: 3.034680133538787
2023-05-07 02:14:02,628 - INFO - __main__ - step:47600 | loss: 12.282141984880145 | step/s: 3.035453044012426
2023-05-07 02:15:11,427 - INFO - __main__ - step:47800 | loss: 10.985896718651055 | step/s: 3.034892141514814
2023-05-07 02:16:16,616 - INFO - __main__ - step:48000 | loss: 10.928725647327957 | step/s: 3.035028563598688
2023-05-07 02:17:19,387 - INFO - __main__ - step:48200 | loss: 9.460014146453759 | step/s: 3.035626142067259
2023-05-07 02:18:20,355 - INFO - __main__ - step:48400 | loss: 7.7475174111242815 | step/s: 3.036562339031067
2023-05-07 02:19:30,190 - INFO - __main__ - step:48600 | loss: 11.578603797164687 | step/s: 3.0358092436249486
2023-05-07 02:20:34,234 - INFO - __main__ - step:48800 | loss: 10.355255432677804 | step/s: 3.0361560836320183
2023-05-07 02:21:35,043 - INFO - __main__ - step:49000 | loss: 9.670379981850783 | step/s: 3.037109040293907
2023-05-07 02:22:42,970 - INFO - __main__ - step:49200 | loss: 10.646219226250428 | step/s: 3.036719927878663
2023-05-07 02:23:49,327 - INFO - __main__ - step:49400 | loss: 11.3710279127174 | step/s: 3.036627351597955
2023-05-07 02:24:52,450 - INFO - __main__ - step:49600 | loss: 9.841938394990938 | step/s: 3.037136649579708
2023-05-07 02:25:57,533 - INFO - __main__ - step:49800 | loss: 12.40706050881301 | step/s: 3.0372790303939503
2023-05-07 02:27:06,854 - INFO - __main__ - step:50000 | loss: 16.977970196893438 | step/s: 3.036638464866677
2023-05-07 02:28:09,675 - INFO - __main__ - step:50200 | loss: 10.450083187902056 | step/s: 3.0371971950036514
2023-05-07 02:29:08,278 - INFO - __main__ - step:50400 | loss: 9.187806115600925 | step/s: 3.038524265914977
2023-05-07 02:30:12,293 - INFO - __main__ - step:50600 | loss: 11.234382123331748 | step/s: 3.038853843703282
2023-05-07 02:31:16,808 - INFO - __main__ - step:50800 | loss: 10.323802012157321 | step/s: 3.039090075410945
2023-05-07 02:32:24,499 - INFO - __main__ - step:51000 | loss: 10.846589797713486 | step/s: 3.0387493920988593
2023-05-07 02:33:27,971 - INFO - __main__ - step:51200 | loss: 10.027925644323933 | step/s: 3.039172353015979
2023-05-07 02:34:29,701 - INFO - __main__ - step:51400 | loss: 9.22369922598009 | step/s: 3.0399051778510087
2023-05-07 02:35:33,603 - INFO - __main__ - step:51600 | loss: 8.50255886324937 | step/s: 3.0402436309736474
2023-05-07 02:36:37,710 - INFO - __main__ - step:51800 | loss: 12.904621838327003 | step/s: 3.0405428936716516
2023-05-07 02:37:41,682 - INFO - __main__ - step:52000 | loss: 13.451783807131141 | step/s: 3.0408640499989787
2023-05-07 02:38:47,946 - INFO - __main__ - step:52200 | loss: 11.512424048575454 | step/s: 3.0407765419553336
2023-05-07 02:39:52,106 - INFO - __main__ - step:52400 | loss: 9.12449880756587 | step/s: 3.041061218454878
2023-05-07 02:40:56,152 - INFO - __main__ - step:52600 | loss: 21.4661440662737 | step/s: 3.041363749538719
2023-05-07 02:42:03,607 - INFO - __main__ - step:52800 | loss: 13.130792259097507 | step/s: 3.041066786972822
2023-05-07 02:43:10,127 - INFO - __main__ - step:53000 | loss: 10.851690715458243 | step/s: 3.0409353626658953
2023-05-07 02:44:07,898 - INFO - __main__ - step:53200 | loss: 6.9310354277980695 | step/s: 3.042326289609651
2023-05-07 02:45:12,478 - INFO - __main__ - step:53400 | loss: 9.145842336276546 | step/s: 3.0425271082404857
2023-05-07 02:46:18,381 - INFO - __main__ - step:53600 | loss: 8.392704164236784 | step/s: 3.042498032383675
2023-05-07 02:47:24,241 - INFO - __main__ - step:53800 | loss: 9.38704338967258 | step/s: 3.042476713616154
2023-05-07 02:48:27,748 - INFO - __main__ - step:54000 | loss: 9.27149564539024 | step/s: 3.0428587159128924
2023-05-07 02:49:34,568 - INFO - __main__ - step:54200 | loss: 11.59896120588295 | step/s: 3.042672181148933
2023-05-07 02:50:08,174 - INFO - __main__ - ********** Running Eval ****************
2023-05-07 02:50:08,174 - INFO - __main__ -   Num dev examples = 252
2023-05-07 02:50:09,799 - INFO - __main__ - ********** Running Test ****************
2023-05-07 02:50:09,799 - INFO - __main__ -   Num test examples = 218
